<?xml version="1.0" encoding="UTF-8"?><testsuite errors="0" failures="1" name="Secure Login" skipped="0" tests="1" time="17.41" timestamp="2022-07-05 11:51:57"><testcase name="Login Successful"><failure message="Expected enabled element was not enabled" type="net.thucydides.core.webdriver.exceptions.ElementShouldBeEnabledException">Expected enabled element was not enabled</failure><system-err>Expected enabled element was not enabled&#13;
com.grupobancolombia.automation.tasks.SetLogin.performAs(SetLogin.java:17)&#13;
com.grupobancolombia.tests.stepdefinitions.GenerateReportStepDefinitions.heWritesTheCorrectCredentials(SecureLoginStepDefinitions.java:34)&#13;
cucumber.runner.Runner.runPickle(Runner.java:80)&#13;
</system-err></testcase></testsuite>